0	00:47:45.008	Compiling 'MACD Sample'
0	00:47:45.009	Compiling 'Moving Average'
0	00:47:48.535	Compiling 'Accelerator'
0	00:47:48.535	Compiling 'Accumulation'
0	00:47:48.535	Compiling 'Alligator'
0	00:47:48.535	Compiling 'ATR'
0	00:47:48.535	Compiling 'Awesome'
0	00:47:48.535	Compiling 'Bands'
0	00:47:48.535	Compiling 'Bears'
0	00:47:48.535	Compiling 'Bulls'
0	00:47:48.535	Compiling 'CCI'
0	00:47:48.535	Compiling 'Custom Moving Averages'
0	00:47:48.535	Compiling 'Heiken Ashi'
0	00:47:48.535	Compiling 'Ichimoku'
0	00:47:48.536	Compiling 'iExposure'
0	00:47:48.536	Compiling 'MACD'
0	00:47:48.536	Compiling 'Momentum'
0	00:47:48.536	Compiling 'OsMA'
0	00:47:48.536	Compiling 'Parabolic'
0	00:47:48.536	Compiling 'RSI'
0	00:47:48.536	Compiling 'Stochastic'
0	00:47:48.536	Compiling 'ZigZag'
0	00:47:48.536	Compiling 'SimplePanel'
0	00:47:57.605	Compiling 'PeriodConverter'
0	00:47:57.605	Compiling 'DLLSampleTester'
0	00:47:57.606	Compiling 'PipeClient'
0	00:47:57.606	Compiling 'PipeClientPure'
0	00:48:01.205	Compiling 'stdlib'
0	01:11:02.027	Expert ema AUDJPY,H1: loaded successfully
0	01:11:03.369	ema AUDJPY,H1: initialized
1	01:11:14.918	ema AUDJPY,H1: array out of range in 'ema.mq4' (39,15)
0	01:11:15.037	ema AUDJPY,H1: uninit reason 4
0	01:11:15.151	Expert ema AUDJPY,H1: removed
0	01:12:44.858	Expert ema AUDJPY,H1: loaded successfully
0	01:12:46.689	ema AUDJPY,H1: initialized
1	01:13:05.632	ema AUDJPY,H1: array out of range in 'ema.mq4' (40,15)
0	01:13:05.647	ema AUDJPY,H1: uninit reason 4
0	01:13:05.759	Expert ema AUDJPY,H1: removed
0	01:18:10.621	Expert ema AUDJPY,H1: loaded successfully
0	01:18:12.115	ema AUDJPY,H1: initialized
0	01:18:12.402	ema AUDJPY,H1: over
0	01:18:13.088	ema AUDJPY,H1: over
0	01:18:13.214	ema AUDJPY,H1: over
0	01:18:13.296	ema AUDJPY,H1: over
0	01:18:13.398	ema AUDJPY,H1: over
0	01:18:13.662	ema AUDJPY,H1: over
0	01:18:25.702	ema AUDJPY,H1: over
0	01:18:28.466	ema AUDJPY,H1: over
0	01:18:28.653	ema AUDJPY,H1: over
0	01:18:28.773	ema AUDJPY,H1: over
0	01:18:28.944	ema AUDJPY,H1: over
0	01:18:29.823	ema AUDJPY,H1: over
0	01:18:29.942	ema AUDJPY,H1: over
0	01:18:30.037	ema AUDJPY,H1: over
0	01:18:30.166	ema AUDJPY,H1: over
0	01:18:31.249	ema AUDJPY,H1: over
0	01:18:31.699	ema AUDJPY,H1: over
0	01:18:31.886	ema AUDJPY,H1: over
0	01:18:32.138	ema AUDJPY,H1: over
0	01:18:32.260	ema AUDJPY,H1: over
0	01:18:32.360	ema AUDJPY,H1: over
0	01:18:32.474	ema AUDJPY,H1: over
0	01:18:32.739	ema AUDJPY,H1: over
0	01:18:32.852	ema AUDJPY,H1: over
0	01:18:33.668	ema AUDJPY,H1: over
0	01:18:34.114	ema AUDJPY,H1: over
0	01:18:40.186	ema AUDJPY,H1: over
0	01:18:40.352	ema AUDJPY,H1: over
0	01:18:40.392	ema AUDJPY,H1: over
0	01:18:40.725	ema AUDJPY,H1: over
0	01:18:44.636	ema AUDJPY,H1: over
0	01:18:45.137	Automated trading enabled
0	01:18:45.171	ema AUDJPY,H1: over
0	01:18:45.394	ema AUDJPY,H1: over
0	01:18:46.338	ema AUDJPY,H1: over
0	01:18:49.383	ema AUDJPY,H1: over
0	01:18:49.510	ema AUDJPY,H1: over
0	01:18:49.877	ema AUDJPY,H1: over
0	01:18:50.844	ema AUDJPY,H1: over
0	01:18:51.195	ema AUDJPY,H1: over
0	01:18:52.844	ema AUDJPY,H1: over
0	01:18:53.286	ema AUDJPY,H1: over
0	01:18:53.396	ema AUDJPY,H1: over
0	01:18:53.930	ema AUDJPY,H1: over
0	01:18:54.783	ema AUDJPY,H1: over
0	01:18:54.884	ema AUDJPY,H1: over
0	01:18:55.089	ema AUDJPY,H1: over
0	01:18:56.002	ema AUDJPY,H1: over
0	01:18:56.109	ema AUDJPY,H1: over
0	01:18:56.216	ema AUDJPY,H1: over
0	01:18:56.833	ema AUDJPY,H1: over
0	01:18:57.193	ema AUDJPY,H1: over
0	01:18:57.444	ema AUDJPY,H1: over
0	01:19:02.989	ema AUDJPY,H1: over
0	01:19:03.090	ema AUDJPY,H1: over
0	01:19:03.181	ema AUDJPY,H1: over
0	01:19:03.286	ema AUDJPY,H1: over
1	01:19:04.958	ema AUDJPY,H1: debugging terminated
0	01:19:05.017	ema AUDJPY,H1: uninit reason 4
0	01:19:05.057	Expert ema AUDJPY,H1: removed
0	01:19:14.618	Expert ema AUDJPY,H1: loaded successfully
0	01:19:15.822	ema AUDJPY,H1: initialized
0	01:19:17.654	ema AUDJPY,H1: over87.9641575080740187.87708027385959
0	01:19:17.753	ema AUDJPY,H1: over87.9646575080740187.87721142140057
0	01:19:18.188	ema AUDJPY,H1: over87.9651575080740187.87734256894156
0	01:19:18.579	ema AUDJPY,H1: over87.9649075080740187.87727699517106
0	01:19:18.709	ema AUDJPY,H1: over87.9647825080740187.87724420828582
0	01:19:19.132	ema AUDJPY,H1: over87.9651575080740187.87734256894156
0	01:19:19.339	ema AUDJPY,H1: over87.9647825080740187.87724420828582
0	01:19:20.145	ema AUDJPY,H1: over87.96440750807487.87714584763008
0	01:19:20.274	ema AUDJPY,H1: over87.9641575080740187.87708027385959
0	01:19:20.981	ema AUDJPY,H1: over87.9642825080740187.87711306074483
0	01:19:21.264	ema AUDJPY,H1: over87.9651575080740187.87734256894156
0	01:19:21.395	ema AUDJPY,H1: over87.9654075080740187.87740814271204
0	01:19:21.496	ema AUDJPY,H1: over87.96565750807487.87747371648254
0	01:19:21.632	ema AUDJPY,H1: over87.9657825080740187.87750650336778
0	01:19:22.890	ema AUDJPY,H1: over87.9657825080740187.87750650336778
0	01:19:25.330	ema AUDJPY,H1: over87.9655325080740187.8774409295973
0	01:19:25.413	ema AUDJPY,H1: over87.9657825080740187.87750650336778
0	01:19:28.576	ema AUDJPY,H1: over87.9655325080740187.8774409295973
0	01:19:29.828	ema AUDJPY,H1: over87.96565750807487.87747371648254
0	01:19:34.649	ema AUDJPY,H1: over87.96565750807487.87747371648254
0	01:19:36.865	ema AUDJPY,H1: over87.9657825080740187.87750650336778
0	01:19:37.031	ema AUDJPY,H1: over87.96565750807487.87747371648254
0	01:19:37.670	ema AUDJPY,H1: over87.9657825080740187.87750650336778
0	01:19:37.767	ema AUDJPY,H1: over87.9659075080740187.87753929025303
0	01:19:38.622	ema AUDJPY,H1: over87.9660325080740187.87757207713828
0	01:19:38.996	ema AUDJPY,H1: over87.9659075080740187.87753929025303
0	01:19:40.101	ema AUDJPY,H1: over87.9660325080740187.87757207713828
0	01:19:40.195	ema AUDJPY,H1: over87.9659075080740187.87753929025303
0	01:19:41.942	Automated trading disabled
0	01:19:47.024	ema AUDJPY,H1: over87.9657825080740187.87750650336778
0	01:19:49.626	ema AUDJPY,H1: over87.9659075080740187.87753929025303
0	01:19:52.183	ema AUDJPY,H1: over87.9657825080740187.87750650336778
0	01:19:52.268	ema AUDJPY,H1: over87.96565750807487.87747371648254
0	01:19:52.546	ema AUDJPY,H1: over87.9655325080740187.8774409295973
0	01:19:52.638	ema AUDJPY,H1: over87.9654075080740187.87740814271204
0	01:19:52.771	ema AUDJPY,H1: over87.9659075080740187.87753929025303
0	01:19:52.860	ema AUDJPY,H1: over87.9657825080740187.87750650336778
0	01:19:53.634	ema AUDJPY,H1: over87.9655325080740187.8774409295973
0	01:19:53.739	ema AUDJPY,H1: over87.96565750807487.87747371648254
0	01:19:54.833	ema AUDJPY,H1: over87.9655325080740187.8774409295973
0	01:19:55.021	ema AUDJPY,H1: over87.96565750807487.87747371648254
0	01:19:57.693	ema AUDJPY,H1: over87.9655325080740187.8774409295973
0	01:19:58.464	ema AUDJPY,H1: over87.96565750807487.87747371648254
0	01:20:01.333	ema AUDJPY,H1: over87.9657825080740187.87750650336778
0	01:20:01.425	ema AUDJPY,H1: over87.96628250807487.87763765090877
0	01:20:01.459	ema AUDJPY,H1: over87.9664075080740187.87767043779401
0	01:20:02.161	ema AUDJPY,H1: over87.9661575080740187.87760486402352
0	01:20:02.279	ema AUDJPY,H1: over87.9660325080740187.87757207713828
0	01:20:02.401	ema AUDJPY,H1: over87.9659075080740187.87753929025303
0	01:20:09.016	ema AUDJPY,H1: over87.9657825080740187.87750650336778
0	01:20:17.265	ema AUDJPY,H1: over87.9659075080740187.87753929025303
0	01:20:20.231	ema AUDJPY,H1: over87.9657825080740187.87750650336778
0	01:20:21.875	ema AUDJPY,H1: over87.96565750807487.87747371648254
0	01:20:21.957	ema AUDJPY,H1: over87.9654075080740187.87740814271204
0	01:20:23.440	ema AUDJPY,H1: over87.9655325080740187.8774409295973
0	01:20:23.520	ema AUDJPY,H1: over87.9654075080740187.87740814271204
0	01:20:24.683	ema AUDJPY,H1: over87.96565750807487.87747371648254
0	01:20:24.754	ema AUDJPY,H1: over87.9657825080740187.87750650336778
0	01:20:24.854	ema AUDJPY,H1: over87.9655325080740187.8774409295973
0	01:20:28.522	ema AUDJPY,H1: over87.9654075080740187.87740814271204
0	01:20:30.480	ema AUDJPY,H1: over87.9655325080740187.8774409295973
0	01:20:31.443	ema AUDJPY,H1: over87.9654075080740187.87740814271204
0	01:20:31.691	ema AUDJPY,H1: over87.9652825080740187.8773753558268
0	01:20:31.784	ema AUDJPY,H1: over87.9654075080740187.87740814271204
0	01:20:32.303	ema AUDJPY,H1: over87.9652825080740187.8773753558268
0	01:20:40.544	ema AUDJPY,H1: over87.9654075080740187.87740814271204
0	01:20:40.627	ema AUDJPY,H1: over87.9661575080740187.87760486402352
0	01:20:40.744	ema AUDJPY,H1: over87.9652825080740187.8773753558268
0	01:20:40.889	ema AUDJPY,H1: over87.96565750807487.87747371648254
0	01:20:41.103	ema AUDJPY,H1: over87.96565750807487.87747371648254
0	01:20:41.218	ema AUDJPY,H1: over87.96565750807487.87747371648254
0	01:20:41.624	ema AUDJPY,H1: over87.9654075080740187.87740814271204
0	01:20:41.648	ema AUDJPY,H1: over87.96565750807487.87747371648254
0	01:20:41.662	ema AUDJPY,H1: over87.9654075080740187.87740814271204
0	01:20:41.693	ema AUDJPY,H1: over87.9652825080740187.8773753558268
0	01:20:42.262	ema AUDJPY,H1: over87.9651575080740187.87734256894156
0	01:20:43.980	ema AUDJPY,H1: over87.9652825080740187.8773753558268
0	01:20:44.895	ema AUDJPY,H1: over87.9654075080740187.87740814271204
0	01:20:45.018	ema AUDJPY,H1: over87.9657825080740187.87750650336778
0	01:20:45.226	ema AUDJPY,H1: over87.96565750807487.87747371648254
0	01:20:45.375	ema AUDJPY,H1: over87.9652825080740187.8773753558268
0	01:20:45.496	ema AUDJPY,H1: over87.9647825080740187.87724420828582
0	01:20:45.631	ema AUDJPY,H1: over87.9646575080740187.87721142140057
0	01:20:45.724	ema AUDJPY,H1: over87.96453250807487.87717863451533
0	01:20:45.860	ema AUDJPY,H1: over87.9646575080740187.87721142140057
0	01:20:47.128	ema AUDJPY,H1: over87.96503250807487.87730978205632
0	01:20:47.146	ema AUDJPY,H1: over87.9646575080740187.87721142140057
0	01:20:47.299	ema AUDJPY,H1: over87.9649075080740187.87727699517106
0	01:20:47.423	ema AUDJPY,H1: over87.9646575080740187.87721142140057
0	01:20:53.275	ema AUDJPY,H1: over87.9649075080740187.87727699517106
0	01:20:53.363	ema AUDJPY,H1: over87.9655325080740187.8774409295973
0	01:20:53.486	ema AUDJPY,H1: over87.96565750807487.87747371648254
0	01:20:54.890	ema AUDJPY,H1: over87.9657825080740187.87750650336778
0	01:20:54.976	ema AUDJPY,H1: over87.9659075080740187.87753929025303
0	01:20:55.279	ema AUDJPY,H1: over87.9660325080740187.87757207713828
0	01:20:55.370	ema AUDJPY,H1: over87.9659075080740187.87753929025303
0	01:20:55.766	ema AUDJPY,H1: over87.9661575080740187.87760486402352
0	01:20:55.867	ema AUDJPY,H1: over87.9659075080740187.87753929025303
0	01:20:56.187	ema AUDJPY,H1: over87.9660325080740187.87757207713828
0	01:20:56.308	ema AUDJPY,H1: over87.96690750807487.87780158533499
0	01:20:56.418	ema AUDJPY,H1: over87.96678250807487.87776879844975
0	01:20:56.633	ema AUDJPY,H1: over87.96628250807487.87763765090877
0	01:20:56.728	ema AUDJPY,H1: over87.9657825080740187.87750650336778
0	01:20:56.850	ema AUDJPY,H1: over87.9659075080740187.87753929025303
0	01:20:56.975	ema AUDJPY,H1: over87.9660325080740187.87757207713828
0	01:20:57.163	ema AUDJPY,H1: over87.9659075080740187.87753929025303
0	01:20:57.377	ema AUDJPY,H1: over87.9657825080740187.87750650336778
0	01:20:58.665	ema AUDJPY,H1: over87.9659075080740187.87753929025303
0	01:20:58.777	ema AUDJPY,H1: over87.96565750807487.87747371648254
0	01:20:58.856	ema AUDJPY,H1: over87.9654075080740187.87740814271204
0	01:20:59.078	ema AUDJPY,H1: over87.9655325080740187.8774409295973
0	01:20:59.185	ema AUDJPY,H1: over87.9654075080740187.87740814271204
0	01:20:59.543	ema AUDJPY,H1: over87.9655325080740187.8774409295973
0	01:20:59.651	ema AUDJPY,H1: over87.9657825080740187.87750650336778
0	01:20:59.771	ema AUDJPY,H1: over87.9654075080740187.87740814271204
0	01:21:03.549	ema AUDJPY,H1: over87.9652825080740187.8773753558268
0	01:21:07.008	ema AUDJPY,H1: over87.9654075080740187.87740814271204
0	01:21:07.762	ema AUDJPY,H1: over87.9655325080740187.8774409295973
0	01:21:07.884	ema AUDJPY,H1: over87.9654075080740187.87740814271204
0	01:21:08.694	ema AUDJPY,H1: over87.9652825080740187.8773753558268
0	01:21:11.486	ema AUDJPY,H1: over87.9654075080740187.87740814271204
0	01:21:11.669	ema AUDJPY,H1: over87.9652825080740187.8773753558268
0	01:21:12.255	ema AUDJPY,H1: over87.9654075080740187.87740814271204
0	01:21:12.341	ema AUDJPY,H1: over87.96565750807487.87747371648254
0	01:21:13.340	ema AUDJPY,H1: over87.9657825080740187.87750650336778
0	01:21:13.459	ema AUDJPY,H1: over87.96565750807487.87747371648254
0	01:21:14.185	ema AUDJPY,H1: over87.9657825080740187.87750650336778
0	01:21:24.618	ema AUDJPY,H1: over87.9659075080740187.87753929025303
0	01:21:24.751	ema AUDJPY,H1: over87.9657825080740187.87750650336778
0	01:21:24.860	ema AUDJPY,H1: over87.9659075080740187.87753929025303
0	01:21:24.966	ema AUDJPY,H1: over87.9657825080740187.87750650336778
0	01:21:27.062	ema AUDJPY,H1: over87.96565750807487.87747371648254
0	01:21:30.890	ema AUDJPY,H1: over87.9657825080740187.87750650336778
0	01:21:31.007	ema AUDJPY,H1: over87.9659075080740187.87753929025303
0	01:21:31.672	ema AUDJPY,H1: over87.9660325080740187.87757207713828
0	01:21:32.699	ema AUDJPY,H1: over87.9659075080740187.87753929025303
0	01:21:33.674	ema AUDJPY,H1: over87.9657825080740187.87750650336778
0	01:22:08.323	ema AUDJPY,H1: over87.9660325080740187.87757207713828
0	01:22:12.677	ema AUDJPY,H1: over87.9661575080740187.87760486402352
0	01:22:13.237	ema AUDJPY,H1: over87.9660325080740187.87757207713828
0	01:22:16.232	ema AUDJPY,H1: over87.9661575080740187.87760486402352
0	01:22:16.727	ema AUDJPY,H1: over87.9660325080740187.87757207713828
0	01:22:18.191	ema AUDJPY,H1: over87.9661575080740187.87760486402352
0	01:22:22.842	ema AUDJPY,H1: over87.96678250807487.87776879844975
0	01:22:23.823	ema AUDJPY,H1: over87.9666575080740187.87773601156451
0	01:22:23.924	ema AUDJPY,H1: over87.9665325080740187.87770322467927
0	01:22:25.176	ema AUDJPY,H1: over87.9666575080740187.87773601156451
0	01:22:25.421	ema AUDJPY,H1: over87.9664075080740187.87767043779401
0	01:22:25.544	ema AUDJPY,H1: over87.96690750807487.87780158533499
0	01:22:25.879	ema AUDJPY,H1: over87.96678250807487.87776879844975
0	01:22:25.967	ema AUDJPY,H1: over87.9666575080740187.87773601156451
0	01:22:30.684	ema AUDJPY,H1: over87.9665325080740187.87770322467927
0	01:22:30.800	ema AUDJPY,H1: over87.9660325080740187.87757207713828
0	01:22:30.941	ema AUDJPY,H1: over87.96628250807487.87763765090877
0	01:22:31.041	ema AUDJPY,H1: over87.9665325080740187.87770322467927
0	01:22:31.172	ema AUDJPY,H1: over87.9666575080740187.87773601156451
0	01:22:31.308	ema AUDJPY,H1: over87.96678250807487.87776879844975
0	01:22:31.410	ema AUDJPY,H1: over87.9672825080740187.87789994599073
0	01:22:31.542	ema AUDJPY,H1: over87.9675325080740287.87796551976123
0	01:22:31.788	ema AUDJPY,H1: over87.9671575080740187.87786715910549
0	01:22:31.884	ema AUDJPY,H1: over87.9675325080740287.87796551976123
0	01:22:32.112	ema AUDJPY,H1: over87.9671575080740187.87786715910549
0	01:22:32.247	ema AUDJPY,H1: over87.96740750807487.87793273287598
0	01:22:32.346	ema AUDJPY,H1: over87.9672825080740187.87789994599073
0	01:22:34.159	ema AUDJPY,H1: over87.96740750807487.87793273287598
0	01:22:34.263	ema AUDJPY,H1: over87.9676575080740187.87799830664648
0	01:22:34.400	ema AUDJPY,H1: over87.9677825080740187.87803109353172
0	01:22:39.294	ema AUDJPY,H1: over87.9676575080740187.87799830664648
0	01:22:39.657	ema AUDJPY,H1: over87.9677825080740187.87803109353172
0	01:22:47.496	ema AUDJPY,H1: over87.9676575080740187.87799830664648
0	01:22:53.784	ema AUDJPY,H1: over87.9671575080740187.87786715910549
0	01:22:53.926	ema AUDJPY,H1: over87.96690750807487.87780158533499
0	01:22:54.245	ema AUDJPY,H1: over87.9665325080740187.87770322467927
0	01:22:54.353	ema AUDJPY,H1: over87.96678250807487.87776879844975
0	01:22:54.464	ema AUDJPY,H1: over87.96690750807487.87780158533499
0	01:22:54.580	ema AUDJPY,H1: over87.9670325080740187.87783437222025
0	01:22:54.707	ema AUDJPY,H1: over87.9672825080740187.87789994599073
0	01:22:54.799	ema AUDJPY,H1: over87.9671575080740187.87786715910549
0	01:22:54.954	ema AUDJPY,H1: over87.9670325080740187.87783437222025
0	01:22:55.082	ema AUDJPY,H1: over87.9661575080740187.87760486402352
0	01:22:55.235	ema AUDJPY,H1: over87.96628250807487.87763765090877
0	01:22:55.323	ema AUDJPY,H1: over87.9665325080740187.87770322467927
0	01:22:56.047	ema AUDJPY,H1: over87.9664075080740187.87767043779401
0	01:22:56.144	ema AUDJPY,H1: over87.96678250807487.87776879844975
0	01:22:56.346	ema AUDJPY,H1: over87.9664075080740187.87767043779401
0	01:22:56.455	ema AUDJPY,H1: over87.9665325080740187.87770322467927
0	01:22:56.562	ema AUDJPY,H1: over87.9664075080740187.87767043779401
0	01:22:59.082	ema AUDJPY,H1: over87.9665325080740187.87770322467927
0	01:22:59.379	ema AUDJPY,H1: over87.9664075080740187.87767043779401
0	01:23:00.541	ema AUDJPY,H1: over87.96690750807487.87780158533499
0	01:23:02.716	ema AUDJPY,H1: over87.9670325080740187.87783437222025
0	01:23:03.032	ema AUDJPY,H1: over87.9671575080740187.87786715910549
0	01:23:07.265	ema AUDJPY,H1: over87.9670325080740187.87783437222025
0	01:23:07.536	ema AUDJPY,H1: over87.96690750807487.87780158533499
0	01:23:07.748	ema AUDJPY,H1: over87.9670325080740187.87783437222025
0	01:23:08.114	ema AUDJPY,H1: over87.9671575080740187.87786715910549
0	01:23:09.106	ema AUDJPY,H1: over87.9670325080740187.87783437222025
0	01:23:15.254	ema AUDJPY,H1: over87.9665325080740187.87770322467927
0	01:23:18.455	ema AUDJPY,H1: over87.96690750807487.87780158533499
0	01:23:20.586	ema AUDJPY,H1: over87.9670325080740187.87783437222025
0	01:23:34.048	ema AUDJPY,H1: over87.96690750807487.87780158533499
0	01:23:34.169	ema AUDJPY,H1: over87.9665325080740187.87770322467927
0	01:23:34.289	ema AUDJPY,H1: over87.96565750807487.87747371648254
0	01:23:34.417	ema AUDJPY,H1: over87.9655325080740187.8774409295973
0	01:23:34.626	ema AUDJPY,H1: over87.96565750807487.87747371648254
0	01:23:35.365	ema AUDJPY,H1: over87.9664075080740187.87767043779401
0	01:23:35.449	ema AUDJPY,H1: over87.9665325080740187.87770322467927
0	01:23:35.569	ema AUDJPY,H1: over87.96565750807487.87747371648254
0	01:23:35.691	ema AUDJPY,H1: over87.9655325080740187.8774409295973
0	01:23:35.787	ema AUDJPY,H1: over87.96565750807487.87747371648254
0	01:23:35.898	ema AUDJPY,H1: over87.9659075080740187.87753929025303
0	01:23:35.985	ema AUDJPY,H1: over87.9664075080740187.87767043779401
0	01:23:36.539	ema AUDJPY,H1: over87.9665325080740187.87770322467927
0	01:23:39.014	ema AUDJPY,H1: over87.9664075080740187.87767043779401
0	01:23:39.134	ema AUDJPY,H1: over87.9661575080740187.87760486402352
0	01:23:39.226	ema AUDJPY,H1: over87.9660325080740187.87757207713828
0	01:23:40.099	ema AUDJPY,H1: over87.9659075080740187.87753929025303
0	01:23:40.233	ema AUDJPY,H1: over87.9660325080740187.87757207713828
0	01:23:41.348	ema AUDJPY,H1: over87.9659075080740187.87753929025303
0	01:23:41.457	ema AUDJPY,H1: over87.9660325080740187.87757207713828
0	01:23:41.615	ema AUDJPY,H1: over87.9659075080740187.87753929025303
0	01:23:44.049	ema AUDJPY,H1: over87.9660325080740187.87757207713828
0	01:23:44.769	ema AUDJPY,H1: over87.96565750807487.87747371648254
0	01:23:45.682	ema AUDJPY,H1: over87.9659075080740187.87753929025303
0	01:23:45.802	ema AUDJPY,H1: over87.9665325080740187.87770322467927
0	01:23:46.005	ema AUDJPY,H1: over87.9664075080740187.87767043779401
0	01:23:46.116	ema AUDJPY,H1: over87.9665325080740187.87770322467927
0	01:23:46.535	ema AUDJPY,H1: over87.9666575080740187.87773601156451
0	01:23:46.659	ema AUDJPY,H1: over87.9665325080740187.87770322467927
0	01:23:46.749	ema AUDJPY,H1: over87.9666575080740187.87773601156451
0	01:23:46.991	ema AUDJPY,H1: over87.9659075080740187.87753929025303
0	01:23:47.109	ema AUDJPY,H1: over87.9660325080740187.87757207713828
0	01:23:47.321	ema AUDJPY,H1: over87.9659075080740187.87753929025303
0	01:23:49.409	ema AUDJPY,H1: over87.9655325080740187.8774409295973
0	01:23:49.796	ema AUDJPY,H1: over87.9654075080740187.87740814271204
0	01:23:50.825	ema AUDJPY,H1: over87.9655325080740187.8774409295973
0	01:23:51.291	ema AUDJPY,H1: over87.9654075080740187.87740814271204
0	01:23:59.735	ema AUDJPY,H1: over87.9655325080740187.8774409295973
0	01:24:00.942	ema AUDJPY,H1: over87.96565750807487.87747371648254
0	01:24:01.625	ema AUDJPY,H1: over87.9655325080740187.8774409295973
0	01:24:03.101	ema AUDJPY,H1: over87.9654075080740187.87740814271204
0	01:24:10.105	ema AUDJPY,H1: over87.9657825080740187.87750650336778
0	01:24:15.824	ema AUDJPY,H1: over87.9659075080740187.87753929025303
0	01:24:15.966	ema AUDJPY,H1: over87.9655325080740187.8774409295973
0	01:24:17.727	ema AUDJPY,H1: over87.96565750807487.87747371648254
0	01:24:19.975	ema AUDJPY,H1: over87.9654075080740187.87740814271204
0	01:24:20.093	ema AUDJPY,H1: over87.96565750807487.87747371648254
0	01:24:21.029	ema AUDJPY,H1: over87.9657825080740187.87750650336778
0	01:24:23.155	ema AUDJPY,H1: over87.96565750807487.87747371648254
0	01:24:23.248	ema AUDJPY,H1: over87.9657825080740187.87750650336778
0	01:24:23.538	ema AUDJPY,H1: over87.96565750807487.87747371648254
0	01:24:24.664	ema AUDJPY,H1: over87.9657825080740187.87750650336778
0	01:24:35.026	ema AUDJPY,H1: over87.9652825080740187.8773753558268
0	01:24:35.136	ema AUDJPY,H1: over87.96503250807487.87730978205632
0	01:24:35.817	ema AUDJPY,H1: over87.9654075080740187.87740814271204
0	01:24:36.398	ema AUDJPY,H1: over87.9657825080740187.87750650336778
0	01:24:36.509	ema AUDJPY,H1: over87.9655325080740187.8774409295973
0	01:24:36.595	ema AUDJPY,H1: over87.9654075080740187.87740814271204
0	01:24:36.708	ema AUDJPY,H1: over87.9655325080740187.8774409295973
0	01:24:36.920	ema AUDJPY,H1: over87.9657825080740187.87750650336778
0	01:24:37.029	ema AUDJPY,H1: over87.9655325080740187.8774409295973
0	01:24:37.112	ema AUDJPY,H1: over87.96565750807487.87747371648254
0	01:24:37.378	ema AUDJPY,H1: over87.9655325080740187.8774409295973
0	01:24:37.579	ema AUDJPY,H1: over87.9654075080740187.87740814271204
0	01:24:38.801	ema AUDJPY,H1: over87.9655325080740187.8774409295973
0	01:24:40.657	ema AUDJPY,H1: over87.9654075080740187.87740814271204
0	01:24:40.765	ema AUDJPY,H1: over87.9655325080740187.8774409295973
0	01:24:41.108	ema AUDJPY,H1: over87.96565750807487.87747371648254
0	01:24:41.380	ema AUDJPY,H1: over87.9655325080740187.8774409295973
0	01:24:42.015	ema AUDJPY,H1: over87.9654075080740187.87740814271204
0	01:24:42.105	ema AUDJPY,H1: over87.9647825080740187.87724420828582
0	01:24:42.230	ema AUDJPY,H1: over87.9646575080740187.87721142140057
0	01:24:43.746	ema AUDJPY,H1: over87.9641575080740187.87708027385959
0	01:24:43.865	ema AUDJPY,H1: over87.96503250807487.87730978205632
0	01:24:44.874	ema AUDJPY,H1: over87.9649075080740187.87727699517106
0	01:24:44.996	ema AUDJPY,H1: over87.96503250807487.87730978205632
0	01:24:47.386	ema AUDJPY,H1: over87.9649075080740187.87727699517106
0	01:24:47.478	ema AUDJPY,H1: over87.9651575080740187.87734256894156
0	01:24:47.604	ema AUDJPY,H1: over87.9654075080740187.87740814271204
0	01:24:47.691	ema AUDJPY,H1: over87.9655325080740187.8774409295973
0	01:24:47.808	ema AUDJPY,H1: over87.9651575080740187.87734256894156
0	01:24:48.381	ema AUDJPY,H1: over87.9649075080740187.87727699517106
0	01:24:48.728	ema AUDJPY,H1: over87.9654075080740187.87740814271204
0	01:24:49.031	ema AUDJPY,H1: over87.9652825080740187.8773753558268
0	01:24:49.290	ema AUDJPY,H1: over87.9654075080740187.87740814271204
0	01:24:49.560	ema AUDJPY,H1: over87.9652825080740187.8773753558268
0	01:24:54.298	ema AUDJPY,H1: over87.9649075080740187.87727699517106
0	01:24:54.576	ema AUDJPY,H1: over87.9647825080740187.87724420828582
0	01:24:55.914	ema AUDJPY,H1: over87.9649075080740187.87727699517106
0	01:24:56.050	ema AUDJPY,H1: over87.96503250807487.87730978205632
0	01:24:56.678	ema AUDJPY,H1: over87.9652825080740187.8773753558268
0	01:25:03.244	ema AUDJPY,H1: over87.9651575080740187.87734256894156
0	01:25:03.434	ema AUDJPY,H1: over87.9652825080740187.8773753558268
0	01:25:07.298	ema AUDJPY,H1: over87.9651575080740187.87734256894156
0	01:25:07.444	ema AUDJPY,H1: over87.9641575080740187.87708027385959
0	01:25:07.658	ema AUDJPY,H1: over87.9640325080740187.87704748697433
0	01:25:07.808	ema AUDJPY,H1: over87.9641575080740187.87708027385959
0	01:25:08.523	ema AUDJPY,H1: over87.9646575080740187.87721142140057
0	01:25:10.413	ema AUDJPY,H1: over87.9647825080740187.87724420828582
0	01:25:10.557	ema AUDJPY,H1: over87.9646575080740187.87721142140057
0	01:25:11.111	ema AUDJPY,H1: over87.9647825080740187.87724420828582
0	01:25:11.915	ema AUDJPY,H1: over87.9646575080740187.87721142140057
0	01:25:12.033	ema AUDJPY,H1: over87.9642825080740187.87711306074483
0	01:25:12.636	ema AUDJPY,H1: over87.9649075080740187.87727699517106
0	01:25:12.756	ema AUDJPY,H1: over87.9642825080740187.87711306074483
0	01:25:12.872	ema AUDJPY,H1: over87.96440750807487.87714584763008
0	01:25:13.351	ema AUDJPY,H1: over87.9642825080740187.87711306074483
0	01:25:19.392	ema AUDJPY,H1: over87.96440750807487.87714584763008
0	01:25:20.008	ema AUDJPY,H1: over87.96453250807487.87717863451533
0	01:25:21.101	ema AUDJPY,H1: over87.9642825080740187.87711306074483
0	01:25:22.185	ema AUDJPY,H1: over87.96440750807487.87714584763008
0	01:25:22.298	ema AUDJPY,H1: over87.9642825080740187.87711306074483
0	01:25:24.632	ema AUDJPY,H1: over87.96440750807487.87714584763008
0	01:25:24.721	ema AUDJPY,H1: over87.9642825080740187.87711306074483
0	01:25:24.930	ema AUDJPY,H1: over87.96440750807487.87714584763008
0	01:25:25.018	ema AUDJPY,H1: over87.9642825080740187.87711306074483
0	01:25:27.302	ema AUDJPY,H1: over87.9641575080740187.87708027385959
0	01:25:27.751	ema AUDJPY,H1: over87.9642825080740187.87711306074483
0	01:25:27.880	ema AUDJPY,H1: over87.9641575080740187.87708027385959
0	01:25:28.849	ema AUDJPY,H1: over87.9642825080740187.87711306074483
0	01:25:29.010	ema AUDJPY,H1: over87.9641575080740187.87708027385959
0	01:25:29.039	ema AUDJPY,H1: over87.96440750807487.87714584763008
0	01:25:29.275	ema AUDJPY,H1: over87.9642825080740187.87711306074483
0	01:25:29.354	ema AUDJPY,H1: over87.9641575080740187.87708027385959
0	01:25:30.804	ema AUDJPY,H1: over87.9642825080740187.87711306074483
0	01:25:30.931	ema AUDJPY,H1: over87.9641575080740187.87708027385959
0	01:25:31.009	ema AUDJPY,H1: over87.9640325080740187.87704748697433
0	01:25:31.157	ema AUDJPY,H1: over87.96453250807487.87717863451533
0	01:25:31.397	ema AUDJPY,H1: over87.9646575080740187.87721142140057
0	01:25:32.251	ema AUDJPY,H1: over87.9641575080740187.87708027385959
0	01:25:34.287	ema AUDJPY,H1: over87.9642825080740187.87711306074483
0	01:25:34.372	ema AUDJPY,H1: over87.96440750807487.87714584763008
0	01:25:34.553	ema AUDJPY,H1: over87.9641575080740187.87708027385959
0	01:25:34.635	ema AUDJPY,H1: over87.9640325080740187.87704748697433
0	01:25:34.741	ema AUDJPY,H1: over87.96453250807487.87717863451533
0	01:25:35.006	ema AUDJPY,H1: over87.9641575080740187.87708027385959
0	01:25:35.098	ema AUDJPY,H1: over87.96453250807487.87717863451533
0	01:25:35.629	ema AUDJPY,H1: over87.9641575080740187.87708027385959
0	01:25:35.708	ema AUDJPY,H1: over87.9642825080740187.87711306074483
0	01:25:35.811	ema AUDJPY,H1: over87.96440750807487.87714584763008
0	01:25:35.907	ema AUDJPY,H1: over87.9647825080740187.87724420828582
0	01:25:36.922	ema AUDJPY,H1: over87.9649075080740187.87727699517106
0	01:25:36.982	ema AUDJPY,H1: over87.9647825080740187.87724420828582
0	01:25:37.181	ema AUDJPY,H1: over87.9649075080740187.87727699517106
0	01:25:37.822	ema AUDJPY,H1: over87.96440750807487.87714584763008
0	01:25:37.903	ema AUDJPY,H1: over87.96453250807487.87717863451533
0	01:25:39.517	ema AUDJPY,H1: over87.96440750807487.87714584763008
0	01:25:39.810	ema AUDJPY,H1: over87.96453250807487.87717863451533
0	01:25:41.956	ema AUDJPY,H1: uninit reason 4
0	01:25:41.965	Expert ema AUDJPY,H1: removed
0	01:37:52.999	Expert ema AUDJPY,H1: loaded successfully
0	01:37:55.328	ema AUDJPY,H1: initialized
3	01:37:55.328	ema AUDJPY,H1: trade operations not allowed by settings
0	01:38:06.639	ema AUDJPY,H1: uninit reason 3
0	01:38:06.821	ema AUDJPY,M1: initialized
0	01:38:56.704	ema AUDJPY,M1: uninit reason 6
0	01:38:56.706	ema AUDJPY,M1: initialized
0	01:52:50.907	ema AUDJPY,M1: uninit reason 4
0	01:52:50.994	Expert ema AUDJPY,M1: removed
0	13:09:31.191	Automated trading enabled
0	13:50:05.095	Automated trading disabled
3	13:50:05.096	Automated trading disabled because the account has been changed
0	14:09:38.054	Automated trading enabled
0	16:10:41.976	Automated trading disabled
0	16:11:26.835	Expert ema AUDCAD,M1: loaded successfully
0	16:11:28.585	ema AUDCAD,M1: initialized
0	16:11:39.804	ema AUDCAD,M1: uninit reason 4
0	16:11:39.835	Expert ema AUDCAD,M1: removed
