0	23:08:00.907	Compiling 'ema'
0	23:11:25.167	Expert feeling AUDCAD,M1: loaded successfully
3	23:11:26.657	feeling AUDCAD,M1: cannot refresh history [4073]
0	23:11:26.658	feeling AUDCAD,M1: initialized
0	23:13:24.878	feeling AUDCAD,M1: uninit reason 4
0	23:13:24.960	Expert feeling AUDCAD,M1: removed
0	23:14:09.467	Expert feeling AUDCAD,M1: loaded successfully
0	23:14:10.940	feeling AUDCAD,M1: initialized
0	23:15:00.968	feeling AUDCAD,M1: uninit reason 4
0	23:15:01.033	Expert feeling AUDCAD,M1: removed
0	23:15:02.133	Expert feeling AUDCAD,M1: loaded successfully
0	23:15:03.709	feeling AUDCAD,M1: initialized
0	23:16:01.840	feeling AUDCAD,M1: uninit reason 4
0	23:16:01.929	Expert feeling AUDCAD,M1: removed
0	23:16:02.801	Expert feeling AUDCAD,M1: loaded successfully
0	23:16:04.125	feeling AUDCAD,M1: initialized
0	23:17:18.295	feeling AUDCAD,M1: uninit reason 4
0	23:17:18.368	Expert feeling AUDCAD,M1: removed
0	23:17:20.244	Expert feeling AUDCAD,M1: loaded successfully
0	23:17:21.381	feeling AUDCAD,M1: initialized
0	23:17:49.419	feeling AUDCAD,M1: uninit reason 4
0	23:17:49.548	Expert feeling AUDCAD,M1: removed
0	23:17:50.542	Expert feeling AUDCAD,M1: loaded successfully
0	23:17:56.209	feeling AUDCAD,M1: initialized
0	23:18:51.375	feeling AUDCAD,M1: uninit reason 4
0	23:18:51.478	Expert feeling AUDCAD,M1: removed
0	23:19:21.561	Expert feeling AUDCAD,M1: loaded successfully
0	23:19:22.520	feeling AUDCAD,M1: initialized
0	23:20:40.980	feeling AUDCAD,M1: uninit reason 4
0	23:20:41.207	Expert feeling AUDCAD,M1: removed
