0	00:46:15.959	Expert feeling AUDCAD,M1: loaded successfully
0	00:46:17.300	feeling AUDCAD,M1: initialized
0	00:46:47.951	feeling AUDCAD,M1: uninit reason 4
0	00:46:47.979	Expert feeling AUDCAD,M1: removed
0	00:46:56.428	Automated trading enabled
0	00:46:58.605	Automated trading disabled
0	00:48:33.916	Expert feeling AUDCAD,M1: loaded successfully
0	00:48:37.020	feeling AUDCAD,M1: initialized
0	00:51:05.349	feeling AUDCAD,M1: uninit reason 4
0	00:51:05.400	Expert feeling AUDCAD,M1: removed
0	00:51:07.409	Expert feeling AUDCAD,M1: loaded successfully
0	00:51:08.831	feeling AUDCAD,M1: initialized
0	00:53:54.217	feeling AUDCAD,M1: uninit reason 4
0	00:53:54.232	Expert feeling AUDCAD,M1: removed
0	00:54:12.359	Expert feeling AUDCAD,M1: loaded successfully
0	00:54:13.718	feeling AUDCAD,M1: initialized
0	00:58:57.041	feeling AUDCAD,M1: uninit reason 4
0	00:58:57.105	Expert feeling AUDCAD,M1: removed
0	00:58:58.409	Expert feeling AUDCAD,M1: loaded successfully
0	00:58:59.788	feeling AUDCAD,M1: initialized
0	00:59:19.067	feeling AUDCAD,M1: uninit reason 4
0	00:59:19.093	Expert feeling AUDCAD,M1: removed
0	01:01:01.612	Expert feeling AUDCAD,M1: loaded successfully
0	01:01:03.082	feeling AUDCAD,M1: initialized
0	01:01:25.932	feeling AUDCAD,M1: uninit reason 4
0	01:01:26.077	Expert feeling AUDCAD,M1: removed
0	01:08:21.787	Expert feeling AUDCAD,M1: loaded successfully
0	01:08:23.095	feeling AUDCAD,M1: initialized
0	01:25:04.735	feeling AUDCAD,M1: uninit reason 9
0	01:25:05.327	Expert feeling AUDCAD,M1: removed
0	18:50:18.895	Expert feeling AUDCAD,M1: loaded successfully
0	18:50:20.517	feeling AUDCAD,M1: initialized
0	18:51:22.759	feeling AUDCAD,M1: uninit reason 4
0	18:51:22.840	Expert feeling AUDCAD,M1: removed
0	18:51:25.647	Expert feeling AUDCAD,M1: loaded successfully
0	18:51:27.223	feeling AUDCAD,M1: initialized
0	18:52:10.199	feeling AUDCAD,M1: uninit reason 4
0	18:52:10.267	Expert feeling AUDCAD,M1: removed
0	18:52:11.227	Expert feeling AUDCAD,M1: loaded successfully
0	18:52:12.302	feeling AUDCAD,M1: initialized
0	18:54:12.413	feeling AUDCAD,M1: uninit reason 4
0	18:54:12.479	Expert feeling AUDCAD,M1: removed
0	18:54:25.171	Expert feeling AUDCAD,M1: loaded successfully
0	18:54:26.556	feeling AUDCAD,M1: initialized
0	19:14:31.399	feeling AUDCAD,M1: uninit reason 4
0	19:14:31.565	Expert feeling AUDCAD,M1: removed
0	19:16:02.898	Expert feeling AUDCAD,M1: loaded successfully
0	19:16:04.346	feeling AUDCAD,M1: initialized
0	19:16:12.669	feeling AUDCAD,M1: uninit reason 4
0	19:16:12.732	Expert feeling AUDCAD,M1: removed
0	20:04:07.582	Expert feeling AUDCAD,M1: loaded successfully
0	20:04:09.321	feeling AUDCAD,M1: initialized
0	20:53:49.059	feeling AUDCAD,M1: uninit reason 4
0	20:53:49.088	Expert feeling AUDCAD,M1: removed
0	20:53:51.965	Expert feeling AUDCAD,M1: loaded successfully
0	20:53:57.150	feeling AUDCAD,M1: initialized
0	20:58:40.958	feeling AUDCAD,M1: uninit reason 4
0	20:58:41.005	Expert feeling AUDCAD,M1: removed
0	20:58:46.770	Expert feeling AUDCAD,M1: loaded successfully
0	20:58:53.134	feeling AUDCAD,M1: initialized
0	20:59:24.851	feeling AUDCAD,M1: uninit reason 4
0	20:59:24.965	Expert feeling AUDCAD,M1: removed
0	21:04:52.207	Expert feeling AUDCAD,M1: loaded successfully
0	21:04:58.053	feeling AUDCAD,M1: initialized
0	21:05:29.820	feeling AUDCAD,M1: uninit reason 4
0	21:05:29.877	Expert feeling AUDCAD,M1: removed
0	21:12:04.320	Expert feeling AUDCAD,M1: loaded successfully
0	21:12:05.509	feeling AUDCAD,M1: initialized
0	21:12:28.212	feeling AUDCAD,M1: uninit reason 4
0	21:12:28.272	Expert feeling AUDCAD,M1: removed
0	21:19:25.254	Expert feeling AUDCAD,M1: loaded successfully
0	21:19:26.286	feeling AUDCAD,M1: initialized
0	21:19:42.859	feeling AUDCAD,M1: uninit reason 4
0	21:19:42.935	Expert feeling AUDCAD,M1: removed
0	21:24:32.536	Expert feeling AUDCAD,M1: loaded successfully
0	21:24:33.591	feeling AUDCAD,M1: initialized
0	21:28:04.939	feeling AUDCAD,M1: uninit reason 4
0	21:28:04.997	Expert feeling AUDCAD,M1: removed
0	21:28:06.177	Expert feeling AUDCAD,M1: loaded successfully
0	21:28:07.225	feeling AUDCAD,M1: initialized
0	21:29:15.140	feeling AUDCAD,M1: uninit reason 4
0	21:29:15.220	Expert feeling AUDCAD,M1: removed
0	21:29:16.999	Expert feeling AUDCAD,M1: loaded successfully
0	21:29:18.230	feeling AUDCAD,M1: initialized
0	21:58:50.023	feeling AUDCAD,M1: uninit reason 4
0	21:58:50.075	Expert feeling AUDCAD,M1: removed
